1 8 20 3f e 23 ff ff f 0
9 8 20 3f a 23 7 0 0 0
11 6 32 83 1a 0 0 0
17 3 3 3f 3
1a 1 0
1b a 11 3f e 3f e 23 14 0 0 0
25 9 20 7f e 0 0 0 0 3f c
2e 8 20 7f e 4 0 0 0 33
36 8 20 7f e 8 0 0 0 37
3e 9 20 7f e c 0 0 0 3f 2
47 9 20 7f e 10 0 0 0 3f a
50 5 20 3f 3 3f a
55 d 37 23 1 0 0 0 3f a 83 93 0 0 0
62 a 11 3f a 3f a 23 1 0 0 0
6c 6 32 83 1a 0 0 0
72 9 10 37 3f 3 23 0 0 0 0
7b a 11 3f a 3f a 23 1 0 0 0
85 6 32 83 1a 0 0 0
8b 5 10 33 37 3f 3
90 4 20 3f 3 33
94 9 20 3f c 7f e 0 0 0 0
9d 8 20 33 7f e 4 0 0 0
a5 8 20 37 7f e 8 0 0 0
ad 9 20 3f 2 7f e c 0 0 0
b6 9 20 3f a 7f e 10 0 0 0
bf a 10 3f e 3f e 23 14 0 0 0
c9 1 33
d0 4 5 0 0 0
0
